Unity/Library/Bee/Android/Prj/IL2CPP/Gradle/unityLibrary/build/intermediates/manifest_merge_blame_file/release/processReleaseManifest/manifest-merger-blame-release-report.txt
1<?xml version="1.0" encoding="utf-8"?>
2<manifest xmlns:android="http://schemas.android.com/apk/res/android"
3    xmlns:tools="http://schemas.android.com/tools"
4    package="com.unity3d.player" >
5
6    <uses-sdk android:minSdkVersion="25" />
7
8    <uses-permission android:name="android.permission.INTERNET" />
8-->src/main/AndroidManifest.xml:3:3-65
8-->src/main/AndroidManifest.xml:3:20-62
9
10    <uses-feature android:glEsVersion="0x00030000" />
10-->src/main/AndroidManifest.xml:4:3-52
10-->src/main/AndroidManifest.xml:4:17-49
11    <uses-feature
11-->src/main/AndroidManifest.xml:5:3-91
12        android:name="android.hardware.vulkan.version"
12-->src/main/AndroidManifest.xml:5:17-63
13        android:required="false" />
13-->src/main/AndroidManifest.xml:5:64-88
14    <uses-feature
14-->src/main/AndroidManifest.xml:6:3-88
15        android:name="android.hardware.touchscreen"
15-->src/main/AndroidManifest.xml:6:17-60
16        android:required="false" />
16-->src/main/AndroidManifest.xml:6:61-85
17
18    <application
18-->src/main/AndroidManifest.xml:7:3-28:17
19        android:appCategory="game"
19-->src/main/AndroidManifest.xml:7:16-42
20        android:enableOnBackInvokedCallback="true"
20-->src/main/AndroidManifest.xml:7:43-85
21        android:extractNativeLibs="true" >
21-->src/main/AndroidManifest.xml:7:86-118
22        <meta-data
22-->src/main/AndroidManifest.xml:8:5-69
23            android:name="unity.splash-mode"
23-->src/main/AndroidManifest.xml:8:16-48
24            android:value="0" />
24-->src/main/AndroidManifest.xml:8:49-66
25        <meta-data
25-->src/main/AndroidManifest.xml:9:5-74
26            android:name="unity.splash-enable"
26-->src/main/AndroidManifest.xml:9:16-50
27            android:value="True" />
27-->src/main/AndroidManifest.xml:9:51-71
28        <meta-data
28-->src/main/AndroidManifest.xml:10:5-78
29            android:name="unity.launch-fullscreen"
29-->src/main/AndroidManifest.xml:10:16-54
30            android:value="True" />
30-->src/main/AndroidManifest.xml:10:55-75
31        <meta-data
31-->src/main/AndroidManifest.xml:11:5-84
32            android:name="unity.render-outside-safearea"
32-->src/main/AndroidManifest.xml:11:16-60
33            android:value="True" />
33-->src/main/AndroidManifest.xml:11:61-81
34        <meta-data
34-->src/main/AndroidManifest.xml:12:5-81
35            android:name="notch.config"
35-->src/main/AndroidManifest.xml:12:16-43
36            android:value="portrait|landscape" />
36-->src/main/AndroidManifest.xml:12:44-78
37        <meta-data
37-->src/main/AndroidManifest.xml:13:5-84
38            android:name="unity.auto-report-fully-drawn"
38-->src/main/AndroidManifest.xml:13:16-60
39            android:value="true" />
39-->src/main/AndroidManifest.xml:13:61-81
40        <meta-data
40-->src/main/AndroidManifest.xml:14:5-78
41            android:name="unity.strip-engine-code"
41-->src/main/AndroidManifest.xml:14:16-54
42            android:value="true" />
42-->src/main/AndroidManifest.xml:14:55-75
43        <meta-data
43-->src/main/AndroidManifest.xml:15:5-80
44            android:name="unity.auto-set-game-state"
44-->src/main/AndroidManifest.xml:15:16-56
45            android:value="true" />
45-->src/main/AndroidManifest.xml:15:57-77
46
47        <activity
47-->src/main/AndroidManifest.xml:16:5-27:16
48            android:name="com.unity3d.player.UnityPlayerGameActivity"
48-->src/main/AndroidManifest.xml:16:312-369
49            android:configChanges="mcc|mnc|locale|touchscreen|keyboard|keyboardHidden|navigation|orientation|screenLayout|uiMode|screenSize|smallestScreenSize|fontScale|layoutDirection|density"
49-->src/main/AndroidManifest.xml:16:15-196
50            android:enabled="true"
50-->src/main/AndroidManifest.xml:16:197-219
51            android:exported="true"
51-->src/main/AndroidManifest.xml:16:220-243
52            android:hardwareAccelerated="false"
52-->src/main/AndroidManifest.xml:16:244-279
53            android:launchMode="singleTask"
53-->src/main/AndroidManifest.xml:16:280-311
54            android:resizeableActivity="true"
54-->src/main/AndroidManifest.xml:16:370-403
55            android:screenOrientation="fullUser"
55-->src/main/AndroidManifest.xml:16:404-440
56            android:theme="@style/BaseUnityGameActivityTheme" >
56-->src/main/AndroidManifest.xml:16:441-490
57            <intent-filter>
57-->src/main/AndroidManifest.xml:17:7-20:23
58                <category android:name="android.intent.category.LAUNCHER" />
58-->src/main/AndroidManifest.xml:18:9-69
58-->src/main/AndroidManifest.xml:18:19-66
59
60                <action android:name="android.intent.action.MAIN" />
60-->src/main/AndroidManifest.xml:19:9-61
60-->src/main/AndroidManifest.xml:19:17-58
61            </intent-filter>
62
63            <meta-data
63-->src/main/AndroidManifest.xml:21:7-82
64                android:name="unityplayer.UnityActivity"
64-->src/main/AndroidManifest.xml:21:18-58
65                android:value="true" />
65-->src/main/AndroidManifest.xml:21:59-79
66            <meta-data
66-->src/main/AndroidManifest.xml:22:7-77
67                android:name="android.app.lib_name"
67-->src/main/AndroidManifest.xml:22:18-53
68                android:value="game" />
68-->src/main/AndroidManifest.xml:22:54-74
69            <meta-data
69-->src/main/AndroidManifest.xml:23:7-130
70                android:name="WindowManagerPreference:FreeformWindowSize"
70-->src/main/AndroidManifest.xml:23:18-75
71                android:value="@string/FreeformWindowSize_maximize" />
71-->src/main/AndroidManifest.xml:23:76-127
72            <meta-data
72-->src/main/AndroidManifest.xml:24:7-145
73                android:name="WindowManagerPreference:FreeformWindowOrientation"
73-->src/main/AndroidManifest.xml:24:18-82
74                android:value="@string/FreeformWindowOrientation_landscape" />
74-->src/main/AndroidManifest.xml:24:83-142
75            <meta-data
75-->src/main/AndroidManifest.xml:25:7-70
76                android:name="notch_support"
76-->src/main/AndroidManifest.xml:25:18-46
77                android:value="true" />
77-->src/main/AndroidManifest.xml:25:47-67
78
79            <layout
79-->src/main/AndroidManifest.xml:26:7-68
80                android:minHeight="300px"
80-->src/main/AndroidManifest.xml:26:15-40
81                android:minWidth="400px" />
81-->src/main/AndroidManifest.xml:26:41-65
82        </activity>
83    </application>
84
85</manifest>